********************************LISTAR********************************
[0]
[1] FOAM090515
[2]
[3] RAIN100116
[4] MOCO060517
[5] GEAM050216
[6]
[7]
[8] GEAM071017 HDWA000415 RAAS140816 RAGI230217
[9]
[10]
[11]
[12]
[13]
[14]
[15] FOCR030817 GEIN020218 GEIN190518
[16]
[17] I5GI030714
[18]
[19]
[20] MOAS070517
[21] I3AS060315
[22]
[23]
[24]
[25] PLGI120318
[26]
[27]
[28]
[29]
[30] GECR140217 GEKI241215
[31]
[32]
[33]
[34]
[35]
[36] GAIN120518
[37]
[38]
[39] HDGI130715
[40]
[41]
[42] GECO180216
[43] GEGI200918
[44]
[45]
[46] GEKI160418
[47] TEAS150215
[48]
[49] RAGI180417
[50] GEGI200118 HDCO001018
[51]
[52] GEEV140218
[53] GEIN240416 I7MS161015 TEAS160217 TEMS100217
[54]
[55]
[56]
[57] TEWA190116
[58] GEEV231218
[59] HDAS180316
[60] I3CR160717
[61]
[62] I7CO170714
[63]
[64] I5KI131114
[65]
[66]
[67]
[68] FOCO020815 GEAM050118 MOMS211017
[69]
[70]
Registro MOAM081014 inserido com sucesso.

********************************BUSCAR********************************
GEAM050118
GEOFORCE GTX 1070 TI
AMD
05/01/10
18
0095.84
HARDWARE 
********************************ALTERAR*******************************
OPERACAO REALIZADA COM SUCESSO!
********************************BUSCAR********************************
GEAM050118
GEOFORCE GTX 1070 TI
AMD
05/01/10
18
0101.96
HARDWARE 
**********************EXCLUIR*********************
OPERACAO REALIZADA COM SUCESSO!
********************************BUSCAR********************************
Registro(s) nao encontrado!
********************************LISTAR********************************
[0]
[1] FOAM090515
[2]
[3] RAIN100116
[4] MOCO060517
[5] GEAM050216
[6]
[7]
[8] GEAM071017 HDWA000415 RAAS140816 RAGI230217
[9]
[10]
[11]
[12]
[13]
[14]
[15] FOCR030817 GEIN020218 GEIN190518
[16]
[17] I5GI030714
[18]
[19]
[20] MOAS070517
[21] I3AS060315
[22]
[23]
[24]
[25] PLGI120318
[26]
[27]
[28]
[29]
[30] GECR140217 GEKI241215
[31]
[32]
[33]
[34]
[35]
[36] GAIN120518
[37]
[38]
[39] HDGI130715
[40] MOAM081014
[41]
[42] GECO180216
[43] GEGI200918
[44]
[45]
[46] GEKI160418
[47] TEAS150215
[48]
[49] RAGI180417
[50] GEGI200118 HDCO001018
[51]
[52] GEEV140218
[53] GEIN240416 I7MS161015 TEAS160217 TEMS100217
[54]
[55]
[56]
[57] TEWA190116
[58] GEEV231218
[59] HDAS180316
[60] I3CR160717
[61]
[62] I7CO170714
[63]
[64] I5KI131114
[65]
[66]
[67]
[68] FOCO020815 MOMS211017
[69]
[70]
Registro FOEV200216 inserido com sucesso.

Registro GEAS271016 inserido com sucesso.

Registro GECO210815 inserido com sucesso.

Registro FOMS261118 inserido com sucesso.

Registro HDMS210917 inserido com sucesso.

Registro MOKI250718 inserido com sucesso.

Registro I7KI120917 inserido com sucesso.

Registro PLWA060518 inserido com sucesso.

Registro MOAS180714 inserido com sucesso.

********************************BUSCAR********************************
HDAS180316
HD 500GB
ASUS
18/03/13
16
0005.39
FONTE GABINETE HARDWARE HD MEMORIA RAM 
********************************ALTERAR*******************************
OPERACAO REALIZADA COM SUCESSO!
********************************BUSCAR********************************
HDAS180316
HD 500GB
ASUS
18/03/13
16
0002.69
FONTE GABINETE HARDWARE HD MEMORIA RAM 
********************************BUSCAR********************************
I3AS060315
I3 - 7100
ASROCK
06/03/01
15
0016.63
FONTE HARDWARE HD MEMORIA RAM MOUSE PERIFERICO 
********************************LISTAR********************************
[0]
[1] FOAM090515
[2]
[3] RAIN100116
[4] MOCO060517
[5] GEAM050216 PLWA060518
[6]
[7]
[8] GEAM071017 HDWA000415 RAAS140816 RAGI230217
[9]
[10]
[11]
[12]
[13]
[14]
[15] FOCR030817 GEIN020218 GEIN190518
[16]
[17] I5GI030714
[18]
[19]
[20] MOAS070517
[21] I3AS060315
[22]
[23]
[24] MOKI250718
[25] PLGI120318
[26]
[27]
[28] FOMS261118
[29]
[30] GECR140217 GEKI241215
[31]
[32]
[33]
[34]
[35] HDMS210917
[36] GAIN120518
[37]
[38]
[39] HDGI130715
[40] MOAM081014
[41]
[42] GEAS271016 GECO180216
[43] GEGI200918
[44]
[45]
[46] GEKI160418
[47] MOAS180714 TEAS150215
[48] I7KI120917
[49] RAGI180417
[50] GEGI200118 HDCO001018
[51]
[52] FOEV200216 GEEV140218
[53] GECO210815 GEIN240416 I7MS161015 TEAS160217 TEMS100217
[54]
[55]
[56]
[57] TEWA190116
[58] GEEV231218
[59] HDAS180316
[60] I3CR160717
[61]
[62] I7CO170714
[63]
[64] I5KI131114
[65]
[66]
[67]
[68] FOCO020815 MOMS211017
[69]
[70]
Registro I7AM101014 inserido com sucesso.

********************************BUSCAR********************************
Registro(s) nao encontrado!
********************************BUSCAR********************************
Registro(s) nao encontrado!
********************************BUSCAR********************************
Registro(s) nao encontrado!
Registro MOEV260615 inserido com sucesso.

ERRO: Ja existe um registro com a chave primaria: I7KI120917.

ERRO: Ja existe um registro com a chave primaria: PLWA060518.

Registro RAKI190816 inserido com sucesso.

Registro RAAS110215 inserido com sucesso.

Registro RAKI030318 inserido com sucesso.

Registro GEIN071115 inserido com sucesso.

Registro GEEV201018 inserido com sucesso.

********************************ALTERAR*******************************
OPERACAO REALIZADA COM SUCESSO!
********************************BUSCAR********************************
TEAS150215
TECLADO GAMMER SEMI MECANICO
ASUS
15/02/03
15
0008.63
FONTE HD MOUSE PERIFERICO PLACA MAE PROCESSADOR 
Registro MOAS231017 inserido com sucesso.

Registro GECO230317 inserido com sucesso.

Registro GEEV150816 inserido com sucesso.

**********************EXCLUIR*********************
OPERACAO REALIZADA COM SUCESSO!
********************************BUSCAR********************************
Registro(s) nao encontrado!
********************************LISTAR********************************
[0]
[1] FOAM090515
[2]
[3] RAIN100116
[4] MOCO060517
[5] GEAM050216 PLWA060518
[6]
[7]
[8] GEAM071017 HDWA000415 RAAS140816 RAGI230217
[9]
[10]
[11]
[12]
[13] RAAS110215
[14]
[15] FOCR030817 GEIN190518
[16]
[17] I5GI030714
[18] RAKI030318
[19]
[20] MOAS070517
[21] I3AS060315
[22]
[23]
[24] GEEV201018 MOKI250718
[25] GECO230317 PLGI120318
[26]
[27]
[28] FOMS261118 I7AM101014 RAKI190816
[29]
[30] GECR140217 GEKI241215
[31]
[32]
[33]
[34]
[35] GEEV150816 HDMS210917
[36] GAIN120518
[37]
[38]
[39] HDGI130715
[40] MOAM081014
[41]
[42] GEAS271016 GECO180216
[43] GEGI200918
[44] GEIN071115 MOAS231017
[45]
[46] GEKI160418
[47] MOAS180714 TEAS150215
[48] I7KI120917
[49] RAGI180417
[50] GEGI200118 HDCO001018
[51]
[52] FOEV200216 GEEV140218
[53] GECO210815 GEIN240416 I7MS161015 TEAS160217 TEMS100217
[54]
[55]
[56] MOEV260615
[57] TEWA190116
[58] GEEV231218
[59] HDAS180316
[60] I3CR160717
[61]
[62] I7CO170714
[63]
[64] I5KI131114
[65]
[66]
[67]
[68] FOCO020815 MOMS211017
[69]
[70]
Registro GECO020818 inserido com sucesso.

Registro I5AS011117 inserido com sucesso.

Registro HDEV051217 inserido com sucesso.

********************************LISTAR********************************
[0]
[1] FOAM090515
[2]
[3] RAIN100116
[4] MOCO060517
[5] GEAM050216 PLWA060518
[6]
[7]
[8] GEAM071017 HDWA000415 RAAS140816 RAGI230217
[9]
[10]
[11]
[12]
[13] RAAS110215
[14]
[15] FOCR030817 GEIN190518
[16]
[17] I5GI030714
[18] RAKI030318
[19]
[20] MOAS070517
[21] I3AS060315
[22]
[23]
[24] GEEV201018 MOKI250718
[25] GECO230317 PLGI120318
[26]
[27]
[28] FOMS261118 I7AM101014 RAKI190816
[29]
[30] GECR140217 GEKI241215
[31]
[32]
[33]
[34]
[35] GEEV150816 HDMS210917
[36] GAIN120518
[37]
[38]
[39] HDGI130715
[40] MOAM081014
[41]
[42] GEAS271016 GECO180216
[43] GEGI200918
[44] GEIN071115 MOAS231017
[45]
[46] GEKI160418
[47] MOAS180714 TEAS150215
[48] I7KI120917
[49] GECO020818 RAGI180417
[50] GEGI200118 HDCO001018
[51]
[52] FOEV200216 GEEV140218
[53] GECO210815 GEIN240416 I7MS161015 TEAS160217 TEMS100217
[54]
[55]
[56] MOEV260615
[57] I5AS011117 TEWA190116
[58] GEEV231218
[59] HDAS180316 HDEV051217
[60] I3CR160717
[61]
[62] I7CO170714
[63]
[64] I5KI131114
[65]
[66]
[67]
[68] FOCO020815 MOMS211017
[69]
[70]
