********************************LISTAR********************************
[0]
[1]
[2]
[3]
[4]
[5]
[6]
[7]
[8]
[9]
[10]
[11]
[12]
[13]
[14]
[15]
[16]
[17]
[18]
[19]
[20]
[21]
[22]
[23]
[24]
[25]
[26]
[27]
[28]
Registro GEGI200118 inserido com sucesso.

Registro RAGI180417 inserido com sucesso.

Registro I7MS161015 inserido com sucesso.

Registro I3CR160717 inserido com sucesso.

********************************BUSCAR********************************
I7MS161015
I7 - 8700
MSI
16/10/06
15
0163.01
FONTE HARDWARE HD PLACA DE VIDEO 
Registro GEGI200918 inserido com sucesso.

Registro TEAS150215 inserido com sucesso.

********************************BUSCAR********************************
Registro(s) nao encontrado!
Registro RAAS140816 inserido com sucesso.

Registro PLGI120318 inserido com sucesso.

********************************LISTAR********************************
[0]
[1] RAGI180417
[2] RAAS140816
[3]
[4]
[5] I7MS161015
[6] PLGI120318
[7]
[8]
[9]
[10]
[11]
[12] I3CR160717
[13]
[14]
[15]
[16]
[17]
[18] GEGI200118
[19]
[20]
[21]
[22]
[23]
[24] GEGI200918
[25]
[26]
[27]
[28] TEAS150215
Registro RAIN100116 inserido com sucesso.

Registro I5GI030714 inserido com sucesso.

Registro GEKI241215 inserido com sucesso.

Registro TEWA190116 inserido com sucesso.

Registro MOCO060517 inserido com sucesso.

Registro FOCR030817 inserido com sucesso.

Registro MOMS211017 inserido com sucesso.

Registro HDCO001018 inserido com sucesso.

Registro GEAM050216 inserido com sucesso.

Registro GEEV231218 inserido com sucesso.

Registro TEMS100217 inserido com sucesso.

Registro FOCO020815 inserido com sucesso.

Registro HDWA000415 inserido com sucesso.

Registro I7CO170714 inserido com sucesso.

Registro I3AS060315 inserido com sucesso.

Registro GEIN240416 inserido com sucesso.

Registro HDAS180316 inserido com sucesso.

Registro GEAM071017 inserido com sucesso.

********************************ALTERAR*******************************
Campo invalido! Informe novamente.
OPERACAO REALIZADA COM SUCESSO!
Registro GECO180216 inserido com sucesso.

Registro I5KI131114 inserido com sucesso.

********************************BUSCAR********************************
I3AS060315
I3 - 7100
ASROCK
06/03/01
15
0019.96
FONTE HARDWARE HD MEMORIA RAM MOUSE PERIFERICO 
Registro RAGI230217 inserido com sucesso.

Registro GAIN120518 inserido com sucesso.

Registro HDGI130715 inserido com sucesso.

********************************ALTERAR*******************************
OPERACAO REALIZADA COM SUCESSO!
********************************BUSCAR********************************
GAIN120518
GABINETE LATERAL ACRILICO
INTEL
12/05/12
18
0071.14
HARDWARE PLACA MAE 
Registro TEAS160217 inserido com sucesso.

Registro FOAM090515 inserido com sucesso.

********************************BUSCAR********************************
Registro(s) nao encontrado!
Registro GEKI160418 inserido com sucesso.

********************************LISTAR********************************
[0]
[1] RAGI180417
[2] I3AS060315 RAAS140816
[3] I5KI131114
[4]
[5] GEIN240416 I7MS161015 TEAS160217 TEMS100217
[6] PLGI120318
[7]
[8]
[9] FOCR030817 TEWA190116
[10] GEEV231218
[11] GEKI241215 HDAS180316
[12] I3CR160717
[13] RAIN100116
[14] I7CO170714
[15] GEAM050216
[16]
[17] GAIN120518
[18] GEAM071017 GEGI200118 HDCO001018 HDWA000415 RAGI230217
[19]
[20] FOCO020815 HDGI130715 MOMS211017
[21]
[22]
[23] GECO180216
[24] FOAM090515 GEGI200918
[25]
[26]
[27] GEKI160418 I5GI030714 MOCO060517
[28] TEAS150215
