Registro GEGI200118 inserido com sucesso.

Registro RAGI180417 inserido com sucesso.

Registro I7MS161015 inserido com sucesso.

Registro I3CR160717 inserido com sucesso.

********************************BUSCAR********************************
I7MS161015
I7 - 8700
MSI
16/10/06
15
0163.01
FONTE HARDWARE HD PLACA DE VIDEO 
Registro GEGI200918 inserido com sucesso.

Registro TEAS150215 inserido com sucesso.

********************************BUSCAR********************************
Registro(s) nao encontrado!
Registro RAAS140816 inserido com sucesso.

Registro PLGI120318 inserido com sucesso.

********************************LISTAR********************************
[0]
[1] I7MS161015
[2]
[3]
[4]
[5]
[6]
[7]
[8] I3CR160717
[9]
[10]
[11]
[12]
[13]
[14]
[15]
[16]
[17]
[18]
[19]
[20]
[21]
[22]
[23]
[24]
[25]
[26] PLGI120318
[27] RAAS140816
[28]
[29]
[30]
[31]
[32]
[33] GEGI200118
[34]
[35]
[36]
[37]
[38]
[39]
[40]
[41]
[42]
[43]
[44] GEGI200918
[45]
[46]
[47]
[48] TEAS150215
[49]
[50] RAGI180417
[51]
[52]
Registro RAIN100116 inserido com sucesso.

Registro I5GI030714 inserido com sucesso.

Registro GEKI241215 inserido com sucesso.

Registro TEWA190116 inserido com sucesso.

Registro MOCO060517 inserido com sucesso.

Registro FOCR030817 inserido com sucesso.

Registro MOMS211017 inserido com sucesso.

Registro HDCO001018 inserido com sucesso.

Registro GEAM050216 inserido com sucesso.

Registro GEEV231218 inserido com sucesso.

Registro TEMS100217 inserido com sucesso.

Registro FOCO020815 inserido com sucesso.

Registro HDWA000415 inserido com sucesso.

Registro I7CO170714 inserido com sucesso.

Registro I3AS060315 inserido com sucesso.

Registro GEIN240416 inserido com sucesso.

Registro HDAS180316 inserido com sucesso.

Registro GEAM071017 inserido com sucesso.

********************************ALTERAR*******************************
Campo invalido! Informe novamente.
OPERACAO REALIZADA COM SUCESSO!
Registro GECO180216 inserido com sucesso.

Registro I5KI131114 inserido com sucesso.

********************************BUSCAR********************************
I3AS060315
I3 - 7100
ASROCK
06/03/01
15
0019.96
FONTE HARDWARE HD MEMORIA RAM MOUSE PERIFERICO 
Registro RAGI230217 inserido com sucesso.

Registro GAIN120518 inserido com sucesso.

Registro HDGI130715 inserido com sucesso.

********************************ALTERAR*******************************
OPERACAO REALIZADA COM SUCESSO!
********************************BUSCAR********************************
GAIN120518
GABINETE LATERAL ACRILICO
INTEL
12/05/12
18
0071.14
HARDWARE PLACA MAE 
**********************EXCLUIR*********************
OPERACAO REALIZADA COM SUCESSO!
********************************LISTAR********************************
[0]
[1] GEIN240416 I7MS161015 TEMS100217
[2]
[3]
[4] RAIN100116
[5] TEWA190116
[6] GEAM050216 GEEV231218
[7] HDAS180316
[8] I3CR160717
[9] GEAM071017 HDWA000415 RAGI230217
[10] I7CO170714
[11]
[12]
[13]
[14]
[15]
[16] FOCO020815 MOMS211017
[17]
[18] I5GI030714
[19]
[20]
[21]
[22] I3AS060315
[23] MOCO060517
[24]
[25]
[26] PLGI120318
[27] RAAS140816
[28]
[29]
[30]
[31] GEKI241215
[32]
[33] GEGI200118 HDCO001018
[34] FOCR030817
[35]
[36]
[37]
[38]
[39]
[40] HDGI130715
[41]
[42]
[43] GECO180216
[44] GEGI200918
[45]
[46]
[47] I5KI131114
[48] TEAS150215
[49]
[50] RAGI180417
[51]
[52]
Registro TEAS160217 inserido com sucesso.

Registro FOAM090515 inserido com sucesso.

********************************BUSCAR********************************
Registro(s) nao encontrado!
Registro GEKI160418 inserido com sucesso.

**********************EXCLUIR*********************
Registro(s) nao encontrado!
FALHA AO REALIZAR OPERACAO!
Registro GAIN120518 inserido com sucesso.

********************************LISTAR********************************
[0]
[1] GEIN240416 I7MS161015 TEAS160217 TEMS100217
[2]
[3]
[4] RAIN100116
[5] TEWA190116
[6] GEAM050216 GEEV231218
[7] HDAS180316
[8] I3CR160717
[9] GEAM071017 HDWA000415 RAGI230217
[10] I7CO170714
[11]
[12]
[13]
[14]
[15]
[16] FOCO020815 MOMS211017
[17]
[18] I5GI030714
[19]
[20] FOAM090515
[21]
[22] I3AS060315
[23] MOCO060517
[24]
[25]
[26] PLGI120318
[27] RAAS140816
[28]
[29]
[30]
[31] GEKI241215
[32]
[33] GEGI200118 HDCO001018
[34] FOCR030817
[35]
[36]
[37] GAIN120518
[38]
[39]
[40] HDGI130715
[41]
[42]
[43] GECO180216
[44] GEGI200918
[45]
[46]
[47] GEKI160418 I5KI131114
[48] TEAS150215
[49]
[50] RAGI180417
[51]
[52]
ERRO: Ja existe um registro com a chave primaria: HDGI130715.

ERRO: Ja existe um registro com a chave primaria: TEAS160217.

ERRO: Ja existe um registro com a chave primaria: FOAM090515.

ERRO: Ja existe um registro com a chave primaria: GEKI160418.

Registro GEAM050118 inserido com sucesso.

Registro GEIN190518 inserido com sucesso.

********************************ALTERAR*******************************
Registro(s) nao encontrado!
FALHA AO REALIZAR OPERACAO!
********************************ALTERAR*******************************
Campo invalido! Informe novamente.
Campo invalido! Informe novamente.
OPERACAO REALIZADA COM SUCESSO!
********************************BUSCAR********************************
GEIN190518
GEOFORCE GTX 1050 TI 4GB
INTEL
19/05/06
18
0184.40
HARDWARE 
********************************LISTAR********************************
[0]
[1] GEIN240416 I7MS161015 TEAS160217 TEMS100217
[2]
[3]
[4] RAIN100116
[5] TEWA190116
[6] GEAM050216 GEEV231218
[7] HDAS180316
[8] I3CR160717
[9] GEAM071017 HDWA000415 RAGI230217
[10] I7CO170714
[11]
[12]
[13]
[14]
[15]
[16] FOCO020815 MOMS211017
[17]
[18] I5GI030714
[19]
[20] FOAM090515
[21]
[22] I3AS060315
[23] MOCO060517
[24]
[25]
[26] PLGI120318
[27] RAAS140816
[28]
[29]
[30]
[31] GEKI241215
[32]
[33] GEGI200118 HDCO001018
[34] FOCR030817 GEIN190518
[35]
[36]
[37] GAIN120518
[38]
[39]
[40] HDGI130715
[41]
[42]
[43] GECO180216
[44] GEGI200918
[45]
[46]
[47] GEKI160418 I5KI131114
[48] TEAS150215
[49]
[50] RAGI180417
[51] GEAM050118
[52]
Registro MOAS070517 inserido com sucesso.

Registro GEEV140218 inserido com sucesso.

Registro GECR140217 inserido com sucesso.

Registro GEIN020218 inserido com sucesso.

********************************LISTAR********************************
[0] GEEV140218
[1] GEIN240416 I7MS161015 TEAS160217 TEMS100217
[2]
[3]
[4] RAIN100116
[5] TEWA190116
[6] GEAM050216 GEEV231218
[7] HDAS180316
[8] I3CR160717
[9] GEAM071017 HDWA000415 RAGI230217
[10] I7CO170714
[11]
[12]
[13]
[14]
[15]
[16] FOCO020815 GEIN020218 MOMS211017
[17]
[18] I5GI030714
[19]
[20] FOAM090515
[21]
[22] I3AS060315
[23] MOCO060517
[24]
[25]
[26] PLGI120318
[27] RAAS140816
[28]
[29]
[30]
[31] GECR140217 GEKI241215
[32]
[33] GEGI200118 HDCO001018
[34] FOCR030817 GEIN190518
[35]
[36]
[37] GAIN120518
[38]
[39] MOAS070517
[40] HDGI130715
[41]
[42]
[43] GECO180216
[44] GEGI200918
[45]
[46]
[47] GEKI160418 I5KI131114
[48] TEAS150215
[49]
[50] RAGI180417
[51] GEAM050118
[52]
