********************************LISTAR********************************
[0]
[1]
[2]
[3]
[4]
[5]
[6]
[7]
[8]
[9]
[10]
[11]
[12]
[13]
[14]
[15]
[16]
[17]
[18]
[19]
[20]
[21]
[22]
[23]
[24]
[25]
[26]
[27]
[28]
[29]
[30]
[31]
[32]
[33]
[34]
[35]
[36]
[37]
[38]
[39]
[40]
[41]
[42]
[43]
[44]
[45]
[46]
********************************BUSCAR********************************
Registro(s) nao encontrado!
Registro GEGI200118 inserido com sucesso.

Registro RAGI180417 inserido com sucesso.

Registro I7MS161015 inserido com sucesso.

Registro I3CR160717 inserido com sucesso.

Registro GEGI200918 inserido com sucesso.

Registro TEAS150215 inserido com sucesso.

Registro RAAS140816 inserido com sucesso.

Registro PLGI120318 inserido com sucesso.

Registro RAIN100116 inserido com sucesso.

Registro I5GI030714 inserido com sucesso.

Registro GEKI241215 inserido com sucesso.

Registro TEWA190116 inserido com sucesso.

Registro MOCO060517 inserido com sucesso.

Registro FOCR030817 inserido com sucesso.

Registro MOMS211017 inserido com sucesso.

Registro HDCO001018 inserido com sucesso.

Registro GEAM050216 inserido com sucesso.

Registro GEEV231218 inserido com sucesso.

Registro TEMS100217 inserido com sucesso.

Registro FOCO020815 inserido com sucesso.

Registro HDWA000415 inserido com sucesso.

Registro I7CO170714 inserido com sucesso.

Registro I3AS060315 inserido com sucesso.

Registro GEIN240416 inserido com sucesso.

Registro HDAS180316 inserido com sucesso.

Registro GEAM071017 inserido com sucesso.

Registro GECO180216 inserido com sucesso.

********************************BUSCAR********************************
GECO180216
GEOFORCE GTX 1060 3GB
CORSAIR
18/02/13
16
0007.82
GABINETE HD MEMORIA RAM MOUSE PERIFERICO 
********************************ALTERAR*******************************
Campo invalido! Informe novamente.
Campo invalido! Informe novamente.
OPERACAO REALIZADA COM SUCESSO!
********************************BUSCAR********************************
GECO180216
GEOFORCE GTX 1060 3GB
CORSAIR
18/02/13
16
0001.39
GABINETE HD MEMORIA RAM MOUSE PERIFERICO 
********************************LISTAR********************************
[0]
[1]
[2]
[3] PLGI120318
[4] GEGI200118 HDCO001018
[5]
[6] MOCO060517
[7]
[8] GEKI241215
[9]
[10] RAAS140816
[11]
[12]
[13]
[14]
[15]
[16]
[17] FOCR030817
[18]
[19]
[20] GECO180216
[21] GEGI200918
[22]
[23]
[24]
[25] TEAS150215
[26]
[27] RAGI180417
[28] RAIN100116
[29]
[30] GEAM050216
[31] GEIN240416 I7MS161015 TEMS100217
[32]
[33] GEAM071017 HDWA000415
[34]
[35] TEWA190116
[36] GEEV231218
[37] HDAS180316
[38] I3CR160717
[39]
[40] I7CO170714
[41]
[42] I5GI030714
[43]
[44]
[45]
[46] FOCO020815 I3AS060315 MOMS211017
**********************EXCLUIR*********************
OPERACAO REALIZADA COM SUCESSO!
Registro I5KI131114 inserido com sucesso.

Registro RAGI230217 inserido com sucesso.

Registro GAIN120518 inserido com sucesso.

Registro HDGI130715 inserido com sucesso.

Registro TEAS160217 inserido com sucesso.

Registro FOAM090515 inserido com sucesso.

Registro GEKI160418 inserido com sucesso.

********************************LISTAR********************************
[0]
[1]
[2]
[3] FOAM090515 PLGI120318
[4] GEGI200118 HDCO001018
[5]
[6] MOCO060517
[7]
[8] GEKI241215
[9]
[10] RAAS140816
[11]
[12]
[13]
[14] GAIN120518
[15]
[16]
[17] FOCR030817 HDGI130715
[18] I5KI131114
[19]
[20]
[21] GEGI200918
[22]
[23]
[24] GEKI160418
[25] TEAS150215
[26]
[27] RAGI180417
[28] RAIN100116
[29]
[30] GEAM050216
[31] GEIN240416 I7MS161015 TEAS160217 TEMS100217
[32]
[33] GEAM071017 HDWA000415 RAGI230217
[34]
[35] TEWA190116
[36] GEEV231218
[37] HDAS180316
[38] I3CR160717
[39]
[40] I7CO170714
[41]
[42] I5GI030714
[43]
[44]
[45]
[46] FOCO020815 I3AS060315 MOMS211017
Registro GEMS230917 inserido com sucesso.

Registro MOLO301217 inserido com sucesso.

Registro TEWA090116 inserido com sucesso.

Registro PRIN080918 inserido com sucesso.

Registro FOCO170912 inserido com sucesso.

********************************LISTAR********************************
[0]
[1]
[2]
[3] FOAM090515 GEMS230917 PLGI120318
[4] GEGI200118 HDCO001018
[5]
[6] MOCO060517
[7]
[8] GEKI241215
[9]
[10] RAAS140816
[11]
[12]
[13]
[14] GAIN120518
[15]
[16]
[17] FOCR030817 HDGI130715
[18] I5KI131114
[19]
[20]
[21] GEGI200918
[22]
[23]
[24] GEKI160418
[25] TEAS150215
[26] PRIN080918
[27] RAGI180417
[28] RAIN100116
[29]
[30] GEAM050216 TEWA090116
[31] GEIN240416 I7MS161015 TEAS160217 TEMS100217
[32]
[33] GEAM071017 HDWA000415 RAGI230217
[34]
[35] TEWA190116
[36] GEEV231218
[37] HDAS180316
[38] I3CR160717
[39]
[40] I7CO170714
[41]
[42] FOCO170912 I5GI030714 MOLO301217
[43]
[44]
[45]
[46] FOCO020815 I3AS060315 MOMS211017
Registro MECR251216 inserido com sucesso.

Registro MEKI090716 inserido com sucesso.

Registro FOEV280214 inserido com sucesso.

Registro PLAS081117 inserido com sucesso.

********************************LISTAR********************************
[0] PLAS081117
[1]
[2]
[3] FOAM090515 GEMS230917 PLGI120318
[4] GEGI200118 HDCO001018
[5]
[6] MOCO060517
[7]
[8] GEKI241215
[9]
[10] RAAS140816
[11]
[12]
[13]
[14] GAIN120518
[15]
[16]
[17] FOCR030817 HDGI130715
[18] I5KI131114
[19]
[20] MEKI090716
[21] GEGI200918
[22]
[23]
[24] GEKI160418
[25] TEAS150215
[26] PRIN080918
[27] RAGI180417
[28] RAIN100116
[29]
[30] GEAM050216 TEWA090116
[31] FOEV280214 GEIN240416 I7MS161015 TEAS160217 TEMS100217
[32] MECR251216
[33] GEAM071017 HDWA000415 RAGI230217
[34]
[35] TEWA190116
[36] GEEV231218
[37] HDAS180316
[38] I3CR160717
[39]
[40] I7CO170714
[41]
[42] FOCO170912 I5GI030714 MOLO301217
[43]
[44]
[45]
[46] FOCO020815 I3AS060315 MOMS211017
********************************ALTERAR*******************************
OPERACAO REALIZADA COM SUCESSO!
********************************BUSCAR********************************
GEMS230917
GEOFORCE GTX 1080 TI
MSI
23/09/2018
17
1750.56
PLACA DE VIDEO HARDWARE GAMER 
********************************BUSCAR********************************
PLAS081117
PLACA-MAE PARA INTEL LGA 1151 MATX
ASUS
08/11/2018
17
0423.42
PLACA MAE HARDWARE 
**********************EXCLUIR*********************
OPERACAO REALIZADA COM SUCESSO!
ERRO: Ja existe um registro com a chave primaria: GEMS230917.

********************************LISTAR********************************
[0]
[1]
[2]
[3] FOAM090515 GEMS230917 PLGI120318
[4] GEGI200118 HDCO001018
[5]
[6] MOCO060517
[7]
[8] GEKI241215
[9]
[10] RAAS140816
[11]
[12]
[13]
[14] GAIN120518
[15]
[16]
[17] FOCR030817 HDGI130715
[18] I5KI131114
[19]
[20] MEKI090716
[21] GEGI200918
[22]
[23]
[24] GEKI160418
[25] TEAS150215
[26] PRIN080918
[27] RAGI180417
[28] RAIN100116
[29]
[30] GEAM050216 TEWA090116
[31] FOEV280214 GEIN240416 I7MS161015 TEAS160217 TEMS100217
[32] MECR251216
[33] GEAM071017 HDWA000415 RAGI230217
[34]
[35] TEWA190116
[36] GEEV231218
[37] HDAS180316
[38] I3CR160717
[39]
[40] I7CO170714
[41]
[42] FOCO170912 I5GI030714 MOLO301217
[43]
[44]
[45]
[46] FOCO020815 I3AS060315 MOMS211017
********************************BUSCAR********************************
Registro(s) nao encontrado!
