Registro MECR251216 inserido com sucesso.

Registro MEKI090716 inserido com sucesso.

Registro FOEV280214 inserido com sucesso.

Registro PLAS081117 inserido com sucesso.

********************************LISTAR********************************
[0]
[1] GEKI160418 MEKI090716 RAIN100116
[2] TEAS150215
[3] GEAM050216 MOAS070517
[4] RAGI180417
[5]
[6] GEAM071017 HDWA000415 RAGI230217
[7] GEEV140218
[8] GEIN240416 I7MS161015 TEAS160217 TEMS100217
[9] MECR251216
[10]
[11]
[12] FOEV280214 TEWA190116
[13] GEEV231218 GEIN020218
[14] HDAS180316
[15] I3CR160717 I5GI030714
[16]
[17] I7CO170714
[18]
[19] I3AS060315
[20] GEGI200118 HDCO001018
[21]
[22]
[23] FOCO020815 MOMS211017 PLGI120318
[24] PLAS081117
[25]
[26]
[27] FOAM090515
[28] GECR140217 GEKI241215
[29]
[30] MOCO060517
[31]
[32]
[33]
[34] GAIN120518 I5KI131114 RAAS140816
[35]
[36]
[37] HDGI130715
[38] GEAM050118
[39]
[40] GECO180216
[41] FOCR030817 GEGI200918 GEIN190518
[42]
