Registro MOAM081014 inserido com sucesso.

********************************BUSCAR********************************
GEAM050118
GEOFORCE GTX 1070 TI
AMD
05/01/10
18
0095.84
HARDWARE 
Registro FOEV200216 inserido com sucesso.

Registro GEAS271016 inserido com sucesso.

Registro GECO210815 inserido com sucesso.

Registro FOMS261118 inserido com sucesso.

Registro HDMS210917 inserido com sucesso.

Registro MOKI250718 inserido com sucesso.

Registro I7KI120917 inserido com sucesso.

Registro PLWA060518 inserido com sucesso.

Registro MOAS180714 inserido com sucesso.

********************************BUSCAR********************************
HDAS180316
HD 500GB
ASUS
18/03/13
16
0005.39
FONTE GABINETE HARDWARE HD MEMORIA RAM 
********************************BUSCAR********************************
I3AS060315
I3 - 7100
ASROCK
06/03/01
15
0016.63
FONTE HARDWARE HD MEMORIA RAM MOUSE PERIFERICO 
********************************LISTAR********************************
[0]
[1]
[2] PLGI120318
[3]
[4] FOCR030817 GEIN190518
[5]
[6]
[7] GECR140217 GEKI241215
[8]
[9] MOAS070517
[10]
[11]
[12]
[13] GAIN120518 MOKI250718
[14]
[15] GEGI200118 HDCO001018
[16] HDGI130715
[17] FOMS261118 MOAM081014
[18]
[19] GEAS271016 GECO180216
[20] GEGI200918
[21]
[22]
[23] GEKI160418
[24] HDMS210917 TEAS150215
[25] I7KI120917
[26] RAGI180417
[27]
[28]
[29] FOEV200216 GEEV140218 I5KI131114
[30] GECO210815 GEIN240416 I7MS161015 TEAS160217 TEMS100217
[31]
[32]
[33] GEAM050118
[34] TEWA190116
[35] GEEV231218
[36] HDAS180316 MOAS180714
[37] I3CR160717
[38]
[39] I7CO170714 RAIN100116
[40]
[41] GEAM050216
[42]
[43]
[44] GEAM071017 HDWA000415 RAGI230217
[45] FOCO020815 MOMS211017
[46]
[47]
[48]
[49] FOAM090515
[50]
[51] GEIN020218
[52] MOCO060517
[53] I5GI030714 PLWA060518
[54]
[55]
[56] RAAS140816
[57] I3AS060315
[58]
Registro I7AM101014 inserido com sucesso.

********************************BUSCAR********************************
Registro(s) nao encontrado!
********************************BUSCAR********************************
Registro(s) nao encontrado!
********************************BUSCAR********************************
Registro(s) nao encontrado!
Registro MOEV260615 inserido com sucesso.

ERRO: Ja existe um registro com a chave primaria: I7KI120917.

ERRO: Ja existe um registro com a chave primaria: PLWA060518.

Registro RAKI190816 inserido com sucesso.

Registro RAAS110215 inserido com sucesso.

Registro RAKI030318 inserido com sucesso.

Registro GEIN071115 inserido com sucesso.

Registro GEEV201018 inserido com sucesso.

Registro MOAS231017 inserido com sucesso.

Registro GECO230317 inserido com sucesso.

Registro GEEV150816 inserido com sucesso.

Registro GECO020818 inserido com sucesso.

Registro I5AS011117 inserido com sucesso.

Registro HDEV051217 inserido com sucesso.

********************************LISTAR********************************
[0]
[1] GEEV201018
[2] GECO230317 PLGI120318
[3]
[4] FOCR030817 GEIN190518
[5]
[6]
[7] GECR140217 GEKI241215
[8]
[9] MOAS070517
[10]
[11]
[12]
[13] GAIN120518 MOKI250718
[14]
[15] GEGI200118 HDCO001018
[16] HDGI130715
[17] FOMS261118 MOAM081014 RAKI190816
[18]
[19] GEAS271016 GECO180216
[20] GEGI200918
[21] GEIN071115 MOAS231017
[22] I5AS011117
[23] GEKI160418
[24] GEEV150816 HDMS210917 TEAS150215
[25] I7KI120917
[26] GECO020818 RAGI180417
[27]
[28]
[29] FOEV200216 GEEV140218 I5KI131114
[30] GECO210815 GEIN240416 I7MS161015 TEAS160217 TEMS100217
[31]
[32]
[33] GEAM050118
[34] TEWA190116
[35] GEEV231218
[36] HDAS180316 HDEV051217 MOAS180714
[37] I3CR160717
[38]
[39] I7CO170714 RAIN100116
[40]
[41] GEAM050216
[42]
[43]
[44] GEAM071017 HDWA000415 RAGI230217
[45] FOCO020815 MOEV260615 MOMS211017
[46]
[47]
[48]
[49] FOAM090515 RAAS110215
[50]
[51] GEIN020218
[52] I7AM101014 MOCO060517
[53] I5GI030714 PLWA060518
[54] RAKI030318
[55]
[56] RAAS140816
[57] I3AS060315
[58]
