Registro MOAM081014 inserido com sucesso.

********************************BUSCAR********************************
GEAM050118
GEOFORCE GTX 1070 TI
AMD
05/01/10
18
0095.84
HARDWARE 
********************************ALTERAR*******************************
OPERACAO REALIZADA COM SUCESSO!
********************************BUSCAR********************************
GEAM050118
GEOFORCE GTX 1070 TI
AMD
05/01/10
18
0101.96
HARDWARE 
**********************EXCLUIR*********************
OPERACAO REALIZADA COM SUCESSO!
********************************BUSCAR********************************
Registro(s) nao encontrado!
********************************LISTAR********************************
[0]
[1]
[2] TEWA190116
[3] GEEV231218
[4] HDAS180316
[5] I3CR160717 I5KI131114
[6]
[7] I7CO170714
[8]
[9]
[10]
[11]
[12]
[13] FOCO020815 MOMS211017
[14]
[15] RAIN100116
[16]
[17] FOAM090515 GEAM050216
[18]
[19]
[20] GEAM071017 HDWA000415 MOCO060517 RAGI230217
[21]
[22]
[23]
[24] RAAS140816
[25]
[26]
[27] GEIN020218
[28]
[29] I5GI030714
[30]
[31] FOCR030817 GEIN190518
[32]
[33] I3AS060315
[34]
[35]
[36] MOAS070517
[37] PLGI120318
[38]
[39]
[40]
[41]
[42] GECR140217 GEKI241215
[43]
[44]
[45]
[46]
[47]
[48] GAIN120518
[49]
[50]
[51] HDGI130715
[52] MOAM081014
[53]
[54] GECO180216
[55] GEGI200918
[56]
[57]
[58] GEGI200118 GEKI160418 HDCO001018
[59] TEAS150215
[60]
[61] RAGI180417
[62]
[63]
[64] GEEV140218
[65] GEIN240416 I7MS161015 TEAS160217 TEMS100217
[66]
Registro FOEV200216 inserido com sucesso.

Registro GEAS271016 inserido com sucesso.

Registro GECO210815 inserido com sucesso.

Registro FOMS261118 inserido com sucesso.

Registro HDMS210917 inserido com sucesso.

Registro MOKI250718 inserido com sucesso.

Registro I7KI120917 inserido com sucesso.

Registro PLWA060518 inserido com sucesso.

Registro MOAS180714 inserido com sucesso.

********************************BUSCAR********************************
HDAS180316
HD 500GB
ASUS
18/03/13
16
0005.39
FONTE GABINETE HARDWARE HD MEMORIA RAM 
********************************ALTERAR*******************************
OPERACAO REALIZADA COM SUCESSO!
********************************BUSCAR********************************
HDAS180316
HD 500GB
ASUS
18/03/13
16
0002.69
FONTE GABINETE HARDWARE HD MEMORIA RAM 
********************************BUSCAR********************************
I3AS060315
I3 - 7100
ASROCK
06/03/01
15
0016.63
FONTE HARDWARE HD MEMORIA RAM MOUSE PERIFERICO 
********************************LISTAR********************************
[0]
[1]
[2] TEWA190116
[3] GEEV231218
[4] HDAS180316
[5] I3CR160717 I5KI131114
[6]
[7] I7CO170714
[8]
[9]
[10]
[11]
[12]
[13] FOCO020815 MOMS211017
[14]
[15] RAIN100116
[16]
[17] FOAM090515 GEAM050216
[18]
[19]
[20] GEAM071017 HDWA000415 MOCO060517 RAGI230217
[21] PLWA060518
[22]
[23]
[24] RAAS140816
[25]
[26]
[27] GEIN020218
[28]
[29] I5GI030714
[30]
[31] FOCR030817 GEIN190518
[32]
[33] I3AS060315
[34]
[35]
[36] MOAS070517
[37] PLGI120318
[38]
[39]
[40] MOKI250718
[41]
[42] GECR140217 GEKI241215
[43]
[44] FOMS261118
[45]
[46]
[47]
[48] GAIN120518
[49]
[50]
[51] HDGI130715 HDMS210917
[52] MOAM081014
[53]
[54] GEAS271016 GECO180216
[55] GEGI200918
[56]
[57]
[58] GEGI200118 GEKI160418 HDCO001018
[59] TEAS150215
[60] I7KI120917
[61] RAGI180417
[62]
[63] MOAS180714
[64] FOEV200216 GEEV140218
[65] GECO210815 GEIN240416 I7MS161015 TEAS160217 TEMS100217
[66]
Registro I7AM101014 inserido com sucesso.

********************************BUSCAR********************************
Registro(s) nao encontrado!
********************************BUSCAR********************************
Registro(s) nao encontrado!
********************************BUSCAR********************************
Registro(s) nao encontrado!
Registro MOEV260615 inserido com sucesso.

ERRO: Ja existe um registro com a chave primaria: I7KI120917.

ERRO: Ja existe um registro com a chave primaria: PLWA060518.

Registro RAKI190816 inserido com sucesso.

Registro RAAS110215 inserido com sucesso.

Registro RAKI030318 inserido com sucesso.

Registro GEIN071115 inserido com sucesso.

Registro GEEV201018 inserido com sucesso.

********************************ALTERAR*******************************
OPERACAO REALIZADA COM SUCESSO!
********************************BUSCAR********************************
TEAS150215
TECLADO GAMMER SEMI MECANICO
ASUS
15/02/03
15
0008.63
FONTE HD MOUSE PERIFERICO PLACA MAE PROCESSADOR 
Registro MOAS231017 inserido com sucesso.

Registro GECO230317 inserido com sucesso.

Registro GEEV150816 inserido com sucesso.

Registro GECO020818 inserido com sucesso.

Registro I5AS011117 inserido com sucesso.

Registro HDEV051217 inserido com sucesso.

********************************LISTAR********************************
[0]
[1]
[2] TEWA190116
[3] GEEV231218
[4] HDAS180316 HDEV051217
[5] I3CR160717 I5KI131114 MOEV260615
[6]
[7] I7CO170714
[8]
[9]
[10]
[11]
[12]
[13] FOCO020815 MOMS211017
[14]
[15] RAIN100116
[16]
[17] FOAM090515 GEAM050216
[18]
[19]
[20] GEAM071017 HDWA000415 MOCO060517 RAGI230217
[21] PLWA060518
[22]
[23]
[24] RAAS140816
[25] RAAS110215
[26]
[27] GEIN020218
[28]
[29] I5GI030714
[30] RAKI030318
[31] FOCR030817 GEIN190518
[32]
[33] I3AS060315
[34]
[35]
[36] GEEV201018 I7AM101014 MOAS070517
[37] GECO230317 PLGI120318
[38]
[39]
[40] MOKI250718
[41]
[42] GECR140217 GEKI241215
[43]
[44] FOMS261118 RAKI190816
[45]
[46]
[47]
[48] GAIN120518
[49]
[50]
[51] GEEV150816 HDGI130715 HDMS210917
[52] MOAM081014
[53]
[54] GEAS271016 GECO180216
[55] GEGI200918
[56] GEIN071115 MOAS231017
[57]
[58] GEGI200118 GEKI160418 HDCO001018
[59] TEAS150215
[60] I7KI120917
[61] GECO020818 RAGI180417
[62]
[63] MOAS180714
[64] FOEV200216 GEEV140218
[65] GECO210815 GEIN240416 I5AS011117 I7MS161015 TEAS160217 TEMS100217
[66]
